<?xml version="1.0" encoding="UTF-8"?>
<!-- Generated by org.testng.reporters.JUnitReportReporter -->
<testsuite skipped="0" hostname="DESKTOP-5AH3R41" name="com.testingshastra.uitests.Homepage" tests="1" failures="0" timestamp="29 Mar 2021 06:49:56 GMT" time="14.261" errors="0">
  <testcase name="verifyHomePageLogo" time="14.261" classname="com.testingshastra.uitests.Homepage"/>
</testsuite> <!-- com.testingshastra.uitests.Homepage -->
