<?xml version="1.0" encoding="UTF-8"?>
<!-- Generated by org.testng.reporters.JUnitReportReporter -->
<testsuite skipped="0" hostname="DESKTOP-5AH3R41" name="com.testingshastra.uitests.AlertBoxtest" tests="1" failures="0" timestamp="23 Mar 2021 18:19:37 GMT" time="10.282" errors="0">
  <testcase name="closeAlert" time="10.282" classname="com.testingshastra.uitests.AlertBoxtest"/>
</testsuite> <!-- com.testingshastra.uitests.AlertBoxtest -->
