<?xml version="1.0" encoding="UTF-8"?>
<!-- Generated by org.testng.reporters.JUnitReportReporter -->
<testsuite skipped="0" hostname="DESKTOP-5AH3R41" name="com.testingshastra.uitests.SignUp" tests="1" failures="0" timestamp="29 Mar 2021 06:25:02 GMT" time="16.216" errors="0">
  <testcase name="signUpTest" time="16.216" classname="com.testingshastra.uitests.SignUp"/>
</testsuite> <!-- com.testingshastra.uitests.SignUp -->
